[2m2025-11-10T12:22:37.833403Z[0m [32m INFO[0m [2mBinanceLocalServer[0m[2m:[0m ç¨‹åºå¯åŠ¨ï¼Œæ—¥å¿—ç³»ç»Ÿå·²åˆå§‹åŒ–ã€‚
[2m2025-11-10T12:22:37.833561Z[0m [32m INFO[0m [2mBinanceLocalServer[0m[2m:[0m ðŸ§¹ æ—¥å¿—æ¸…ç†æœåŠ¡å·²å¯åŠ¨ï¼Œå°†æ¯å°æ—¶æ£€æŸ¥ä¸€æ¬¡æ—§æ—¥å¿—ã€‚
[2m2025-11-10T12:22:37.833808Z[0m [32m INFO[0m [2mBinanceLocalServer[0m[2m:[0m API å®¢æˆ·ç«¯å·²åˆå§‹åŒ–ã€‚
[2m2025-11-10T12:22:37.834804Z[0m [32m INFO[0m [2mBinanceLocalServer::db_manager[0m[2m:[0m ðŸ—„ï¸ Database connection opened at 'kline_cache.db'
[2m2025-11-10T12:22:37.836065Z[0m [32m INFO[0m [2mBinanceLocalServer[0m[2m:[0m æ‰§è¡Œé¢„å®šçš„æ—¥å¿—æ¸…ç†ä»»åŠ¡...
[2m2025-11-10T12:22:37.848044Z[0m [32m INFO[0m [2mBinanceLocalServer[0m[2m:[0m æ—¥å¿—æ¸…ç†å®Œæˆï¼Œæ²¡æœ‰éœ€è¦åˆ é™¤çš„æ—§æ—¥å¿—æ–‡ä»¶ã€‚
[2m2025-11-10T12:22:37.848576Z[0m [32m INFO[0m [2mBinanceLocalServer::db_manager[0m[2m:[0m ðŸ—„ï¸ WAL mode enabled for SQLite.
[2m2025-11-10T12:22:37.848736Z[0m [32m INFO[0m [2mBinanceLocalServer::db_manager[0m[2m:[0m ðŸ—„ï¸ 'klines' table initialized.
[2m2025-11-10T12:22:37.848783Z[0m [32m INFO[0m [2mBinanceLocalServer[0m[2m:[0m æ•°æ®åº“ç®¡ç†å™¨å·²åˆå§‹åŒ–ã€‚
[2m2025-11-10T12:22:37.848795Z[0m [32m INFO[0m [2mBinanceLocalServer[0m[2m:[0m æ•°æ®æœåŠ¡å·²å‡†å¤‡å°±ç»ªã€‚
[2m2025-11-10T12:22:37.848805Z[0m [32m INFO[0m [2mBinanceLocalServer[0m[2m:[0m âœ… æœåŠ¡å·²å‡†å¤‡å°±ç»ªï¼Œå°†æ ¹æ®å®¢æˆ·ç«¯è¯·æ±‚æä¾›æ•°æ®ã€‚
[2m2025-11-10T12:22:37.853869Z[0m [32m INFO[0m [2mBinanceLocalServer[0m[2m:[0m ðŸš€ æœåŠ¡æ­£åœ¨ç›‘å¬ http://127.0.0.1:30000
[2m2025-11-10T12:22:52.268624Z[0m [32m INFO[0m [2mBinanceLocalServer[0m[2m:[0m â¬…ï¸ æ”¶åˆ°è¯·æ±‚: GET /download-binary/RENDERUSDT/1s?source=db_only&limit=1500
[2m2025-11-10T12:22:52.268697Z[0m [32m INFO[0m [2mBinanceLocalServer::web_server[0m[2m:[0m Received BINARY request for RENDERUSDT/1s with source=db_only
[2m2025-11-10T12:22:52.268763Z[0m [32m INFO[0m [1mget_klines[0m[1m{[0msymbol=RENDERUSDT interval=1s source=db_only[1m}[0m[2m:[0m [2mBinanceLocalServer::cache_manager[0m[2m:[0m âš¡ï¸ [DB_ONLY] Serving RENDERUSDT/1s directly from database.
[2m2025-11-10T12:22:52.274467Z[0m [32m INFO[0m [2mBinanceLocalServer::web_server[0m[2m:[0m Transforming 1500 k-lines to binary format for: RENDERUSDT/1s
[2m2025-11-10T12:22:52.278127Z[0m [32m INFO[0m [2mBinanceLocalServer[0m[2m:[0m â¬…ï¸ æ”¶åˆ°è¯·æ±‚: GET /download-binary/RENDERUSDT/1m?source=db_only&limit=1500
[2m2025-11-10T12:22:52.278178Z[0m [32m INFO[0m [2mBinanceLocalServer::web_server[0m[2m:[0m Received BINARY request for RENDERUSDT/1m with source=db_only
[2m2025-11-10T12:22:52.278210Z[0m [32m INFO[0m [1mget_klines[0m[1m{[0msymbol=RENDERUSDT interval=1m source=db_only[1m}[0m[2m:[0m [2mBinanceLocalServer::cache_manager[0m[2m:[0m âš¡ï¸ [DB_ONLY] Serving RENDERUSDT/1m directly from database.
[2m2025-11-10T12:22:52.278478Z[0m [32m INFO[0m [2mBinanceLocalServer[0m[2m:[0m â¬…ï¸ æ”¶åˆ°è¯·æ±‚: GET /download-binary/RENDERUSDT/5m?source=db_only&limit=1500
[2m2025-11-10T12:22:52.278516Z[0m [32m INFO[0m [2mBinanceLocalServer::web_server[0m[2m:[0m Received BINARY request for RENDERUSDT/5m with source=db_only
[2m2025-11-10T12:22:52.278546Z[0m [32m INFO[0m [1mget_klines[0m[1m{[0msymbol=RENDERUSDT interval=5m source=db_only[1m}[0m[2m:[0m [2mBinanceLocalServer::cache_manager[0m[2m:[0m âš¡ï¸ [DB_ONLY] Serving RENDERUSDT/5m directly from database.
[2m2025-11-10T12:22:52.280212Z[0m [32m INFO[0m [2mBinanceLocalServer[0m[2m:[0m â¬…ï¸ æ”¶åˆ°è¯·æ±‚: GET /download-binary/RENDERUSDT/30m?source=db_only&limit=1500
[2m2025-11-10T12:22:52.280265Z[0m [32m INFO[0m [2mBinanceLocalServer::web_server[0m[2m:[0m Received BINARY request for RENDERUSDT/30m with source=db_only
[2m2025-11-10T12:22:52.280293Z[0m [32m INFO[0m [1mget_klines[0m[1m{[0msymbol=RENDERUSDT interval=30m source=db_only[1m}[0m[2m:[0m [2mBinanceLocalServer::cache_manager[0m[2m:[0m âš¡ï¸ [DB_ONLY] Serving RENDERUSDT/30m directly from database.
[2m2025-11-10T12:22:52.280478Z[0m [32m INFO[0m [2mBinanceLocalServer[0m[2m:[0m â¬…ï¸ æ”¶åˆ°è¯·æ±‚: GET /download-binary/RENDERUSDT/1d?source=db_only&limit=1500
[2m2025-11-10T12:22:52.280555Z[0m [32m INFO[0m [2mBinanceLocalServer::web_server[0m[2m:[0m Received BINARY request for RENDERUSDT/1d with source=db_only
[2m2025-11-10T12:22:52.280596Z[0m [32m INFO[0m [2mBinanceLocalServer[0m[2m:[0m â¬…ï¸ æ”¶åˆ°è¯·æ±‚: GET /download-binary/RENDERUSDT/4h?source=db_only&limit=1500
[2m2025-11-10T12:22:52.280657Z[0m [32m INFO[0m [2mBinanceLocalServer::web_server[0m[2m:[0m Received BINARY request for RENDERUSDT/4h with source=db_only
[2m2025-11-10T12:22:52.280688Z[0m [32m INFO[0m [1mget_klines[0m[1m{[0msymbol=RENDERUSDT interval=4h source=db_only[1m}[0m[2m:[0m [2mBinanceLocalServer::cache_manager[0m[2m:[0m âš¡ï¸ [DB_ONLY] Serving RENDERUSDT/4h directly from database.
[2m2025-11-10T12:22:52.280612Z[0m [32m INFO[0m [1mget_klines[0m[1m{[0msymbol=RENDERUSDT interval=1d source=db_only[1m}[0m[2m:[0m [2mBinanceLocalServer::cache_manager[0m[2m:[0m âš¡ï¸ [DB_ONLY] Serving RENDERUSDT/1d directly from database.
[2m2025-11-10T12:22:52.283198Z[0m [32m INFO[0m [2mBinanceLocalServer::web_server[0m[2m:[0m Transforming 1500 k-lines to binary format for: RENDERUSDT/1m
[2m2025-11-10T12:22:52.288822Z[0m [32m INFO[0m [2mBinanceLocalServer::web_server[0m[2m:[0m Transforming 1500 k-lines to binary format for: RENDERUSDT/5m
[2m2025-11-10T12:22:52.293978Z[0m [32m INFO[0m [2mBinanceLocalServer::web_server[0m[2m:[0m Transforming 1500 k-lines to binary format for: RENDERUSDT/30m
[2m2025-11-10T12:22:52.295587Z[0m [32m INFO[0m [2mBinanceLocalServer[0m[2m:[0m â¬…ï¸ æ”¶åˆ°è¯·æ±‚: GET /download-binary/RENDERUSDT/1w?source=db_only&limit=1500
[2m2025-11-10T12:22:52.295629Z[0m [32m INFO[0m [2mBinanceLocalServer::web_server[0m[2m:[0m Received BINARY request for RENDERUSDT/1w with source=db_only
[2m2025-11-10T12:22:52.295707Z[0m [32m INFO[0m [1mget_klines[0m[1m{[0msymbol=RENDERUSDT interval=1w source=db_only[1m}[0m[2m:[0m [2mBinanceLocalServer::cache_manager[0m[2m:[0m âš¡ï¸ [DB_ONLY] Serving RENDERUSDT/1w directly from database.
[2m2025-11-10T12:22:52.299392Z[0m [32m INFO[0m [2mBinanceLocalServer::web_server[0m[2m:[0m Transforming 1500 k-lines to binary format for: RENDERUSDT/4h
[2m2025-11-10T12:22:52.301154Z[0m [32m INFO[0m [2mBinanceLocalServer::web_server[0m[2m:[0m Transforming 473 k-lines to binary format for: RENDERUSDT/1d
[2m2025-11-10T12:22:52.301433Z[0m [32m INFO[0m [2mBinanceLocalServer::web_server[0m[2m:[0m Transforming 69 k-lines to binary format for: RENDERUSDT/1w
[2m2025-11-10T12:22:52.412480Z[0m [32m INFO[0m [2mBinanceLocalServer[0m[2m:[0m â¬…ï¸ æ”¶åˆ°è¯·æ±‚: GET /download-binary/RENDERUSDT/1s?source=update&limit=1500
[2m2025-11-10T12:22:52.412523Z[0m [32m INFO[0m [2mBinanceLocalServer::web_server[0m[2m:[0m Received BINARY request for RENDERUSDT/1s with source=update
[2m2025-11-10T12:22:52.412580Z[0m [32m INFO[0m [1mget_klines[0m[1m{[0msymbol=RENDERUSDT interval=1s source=update[1m}[0m[2m:[0m [2mBinanceLocalServer::cache_manager[0m[2m:[0m ðŸ”„ [UPDATE] Starting full data sync for RENDERUSDT/1s.
[2m2025-11-10T12:22:52.416631Z[0m [33m WARN[0m [1mget_klines[0m[1m{[0msymbol=RENDERUSDT interval=1s source=update[1m}[0m[2m:[0m [2mBinanceLocalServer::cache_manager[0m[2m:[0m âš ï¸ [CACHE_RESET] Data for RENDERUSDT/1s is too old (gap is 3650 candles > 1500). Deleting local cache and performing a full fetch.
[2m2025-11-10T12:22:52.416675Z[0m [32m INFO[0m [1mget_klines[0m[1m{[0msymbol=RENDERUSDT interval=1s source=update[1m}[0m[2m:[0m [2mBinanceLocalServer::db_manager[0m[2m:[0m ðŸ—‘ï¸ [DB_DELETE_ALL] Deleting all klines for RENDERUSDT/1s...
[2m2025-11-10T12:22:52.418983Z[0m [32m INFO[0m [2mBinanceLocalServer::db_manager[0m[2m:[0m âœ… [DB_DELETE_ALL] Successfully deleted 1500 rows.
[2m2025-11-10T12:22:52.420341Z[0m [32m INFO[0m [1mget_klines[0m[1m{[0msymbol=RENDERUSDT interval=1s source=update[1m}[0m[2m:[0m [2mBinanceLocalServer::cache_manager[0m[2m:[0m -> [API_FETCH] Fetching new klines for RENDERUSDT/1s since None.
[2m2025-11-10T12:22:52.420391Z[0m [32m INFO[0m [1mget_klines[0m[1m{[0msymbol=RENDERUSDT interval=1s source=update[1m}[0m[2m:[0m[1mdownload_continuous_klines[0m[1m{[0mtask=DownloadTask { symbol: "RENDERUSDT", interval: "1s", start_time: None, end_time: None, limit: 1500 }[1m}[0m[2m:[0m [2mBinanceLocalServer::api_client[0m[2m:[0m ðŸŒ [DEBUG_API] å°è¯•ä¸»çº¿è·¯ (Mokex): RENDERUSDT/1s
[2m2025-11-10T12:22:52.420433Z[0m [32m INFO[0m [1mget_klines[0m[1m{[0msymbol=RENDERUSDT interval=1s source=update[1m}[0m[2m:[0m[1mdownload_continuous_klines[0m[1m{[0mtask=DownloadTask { symbol: "RENDERUSDT", interval: "1s", start_time: None, end_time: None, limit: 1500 }[1m}[0m[2m:[0m [2mBinanceLocalServer::api_client[0m[2m:[0m ðŸ“¡ [DEBUG_API_REQ] å‘é€ HTTP GET: https://www.mokexapp.info/fapi/v1/continuousKlines?pair=RENDERUSDT&contractType=PERPETUAL&interval=1s&limit=1500
[2m2025-11-10T12:22:52.428686Z[0m [32m INFO[0m [2mBinanceLocalServer[0m[2m:[0m â¬…ï¸ æ”¶åˆ°è¯·æ±‚: GET /download-binary/RENDERUSDT/1m?source=update&limit=1500
[2m2025-11-10T12:22:52.428730Z[0m [32m INFO[0m [2mBinanceLocalServer::web_server[0m[2m:[0m Received BINARY request for RENDERUSDT/1m with source=update
[2m2025-11-10T12:22:52.428755Z[0m [32m INFO[0m [1mget_klines[0m[1m{[0msymbol=RENDERUSDT interval=1m source=update[1m}[0m[2m:[0m [2mBinanceLocalServer::cache_manager[0m[2m:[0m ðŸ”„ [UPDATE] Starting full data sync for RENDERUSDT/1m.
[2m2025-11-10T12:22:52.428832Z[0m [32m INFO[0m [2mBinanceLocalServer[0m[2m:[0m â¬…ï¸ æ”¶åˆ°è¯·æ±‚: GET /download-binary/RENDERUSDT/5m?source=update&limit=1500
[2m2025-11-10T12:22:52.428858Z[0m [32m INFO[0m [2mBinanceLocalServer::web_server[0m[2m:[0m Received BINARY request for RENDERUSDT/5m with source=update
[2m2025-11-10T12:22:52.428877Z[0m [32m INFO[0m [1mget_klines[0m[1m{[0msymbol=RENDERUSDT interval=5m source=update[1m}[0m[2m:[0m [2mBinanceLocalServer::cache_manager[0m[2m:[0m ðŸ”„ [UPDATE] Starting full data sync for RENDERUSDT/5m.
[2m2025-11-10T12:22:52.429275Z[0m [32m INFO[0m [2mBinanceLocalServer[0m[2m:[0m â¬…ï¸ æ”¶åˆ°è¯·æ±‚: GET /download-binary/RENDERUSDT/30m?source=update&limit=1500
[2m2025-11-10T12:22:52.429329Z[0m [32m INFO[0m [2mBinanceLocalServer::web_server[0m[2m:[0m Received BINARY request for RENDERUSDT/30m with source=update
[2m2025-11-10T12:22:52.429363Z[0m [32m INFO[0m [1mget_klines[0m[1m{[0msymbol=RENDERUSDT interval=30m source=update[1m}[0m[2m:[0m [2mBinanceLocalServer::cache_manager[0m[2m:[0m ðŸ”„ [UPDATE] Starting full data sync for RENDERUSDT/30m.
[2m2025-11-10T12:22:52.429727Z[0m [32m INFO[0m [2mBinanceLocalServer[0m[2m:[0m â¬…ï¸ æ”¶åˆ°è¯·æ±‚: GET /download-binary/RENDERUSDT/4h?source=update&limit=1500
[2m2025-11-10T12:22:52.429763Z[0m [32m INFO[0m [2mBinanceLocalServer::web_server[0m[2m:[0m Received BINARY request for RENDERUSDT/4h with source=update
[2m2025-11-10T12:22:52.429790Z[0m [32m INFO[0m [1mget_klines[0m[1m{[0msymbol=RENDERUSDT interval=4h source=update[1m}[0m[2m:[0m [2mBinanceLocalServer::cache_manager[0m[2m:[0m ðŸ”„ [UPDATE] Starting full data sync for RENDERUSDT/4h.
[2m2025-11-10T12:22:52.430286Z[0m [32m INFO[0m [2mBinanceLocalServer[0m[2m:[0m â¬…ï¸ æ”¶åˆ°è¯·æ±‚: GET /download-binary/RENDERUSDT/1d?source=update&limit=1500
[2m2025-11-10T12:22:52.430330Z[0m [32m INFO[0m [2mBinanceLocalServer::web_server[0m[2m:[0m Received BINARY request for RENDERUSDT/1d with source=update
[2m2025-11-10T12:22:52.430357Z[0m [32m INFO[0m [1mget_klines[0m[1m{[0msymbol=RENDERUSDT interval=1d source=update[1m}[0m[2m:[0m [2mBinanceLocalServer::cache_manager[0m[2m:[0m ðŸ”„ [UPDATE] Starting full data sync for RENDERUSDT/1d.
[2m2025-11-10T12:22:52.433528Z[0m [32m INFO[0m [1mget_klines[0m[1m{[0msymbol=RENDERUSDT interval=1m source=update[1m}[0m[2m:[0m [2mBinanceLocalServer::cache_manager[0m[2m:[0m -> [API_FETCH] Fetching new klines for RENDERUSDT/1m since Some(1762773720000).
[2m2025-11-10T12:22:52.433577Z[0m [32m INFO[0m [1mget_klines[0m[1m{[0msymbol=RENDERUSDT interval=1m source=update[1m}[0m[2m:[0m[1mdownload_continuous_klines[0m[1m{[0mtask=DownloadTask { symbol: "RENDERUSDT", interval: "1m", start_time: Some(1762773720000), end_time: None, limit: 1500 }[1m}[0m[2m:[0m [2mBinanceLocalServer::api_client[0m[2m:[0m ðŸŒ [DEBUG_API] å°è¯•ä¸»çº¿è·¯ (Mokex): RENDERUSDT/1m
[2m2025-11-10T12:22:52.433604Z[0m [32m INFO[0m [1mget_klines[0m[1m{[0msymbol=RENDERUSDT interval=1m source=update[1m}[0m[2m:[0m[1mdownload_continuous_klines[0m[1m{[0mtask=DownloadTask { symbol: "RENDERUSDT", interval: "1m", start_time: Some(1762773720000), end_time: None, limit: 1500 }[1m}[0m[2m:[0m [2mBinanceLocalServer::api_client[0m[2m:[0m ðŸ“¡ [DEBUG_API_REQ] å‘é€ HTTP GET: https://www.mokexapp.info/fapi/v1/continuousKlines?pair=RENDERUSDT&contractType=PERPETUAL&interval=1m&limit=1500&startTime=1762773720000
[2m2025-11-10T12:22:52.438236Z[0m [32m INFO[0m [1mget_klines[0m[1m{[0msymbol=RENDERUSDT interval=5m source=update[1m}[0m[2m:[0m [2mBinanceLocalServer::cache_manager[0m[2m:[0m -> [API_FETCH] Fetching new klines for RENDERUSDT/5m since Some(1762773600000).
[2m2025-11-10T12:22:52.438270Z[0m [32m INFO[0m [1mget_klines[0m[1m{[0msymbol=RENDERUSDT interval=5m source=update[1m}[0m[2m:[0m[1mdownload_continuous_klines[0m[1m{[0mtask=DownloadTask { symbol: "RENDERUSDT", interval: "5m", start_time: Some(1762773600000), end_time: None, limit: 1500 }[1m}[0m[2m:[0m [2mBinanceLocalServer::api_client[0m[2m:[0m ðŸŒ [DEBUG_API] å°è¯•ä¸»çº¿è·¯ (Mokex): RENDERUSDT/5m
[2m2025-11-10T12:22:52.438288Z[0m [32m INFO[0m [1mget_klines[0m[1m{[0msymbol=RENDERUSDT interval=5m source=update[1m}[0m[2m:[0m[1mdownload_continuous_klines[0m[1m{[0mtask=DownloadTask { symbol: "RENDERUSDT", interval: "5m", start_time: Some(1762773600000), end_time: None, limit: 1500 }[1m}[0m[2m:[0m [2mBinanceLocalServer::api_client[0m[2m:[0m ðŸ“¡ [DEBUG_API_REQ] å‘é€ HTTP GET: https://www.mokexapp.info/fapi/v1/continuousKlines?pair=RENDERUSDT&contractType=PERPETUAL&interval=5m&limit=1500&startTime=1762773600000
[2m2025-11-10T12:22:52.441237Z[0m [32m INFO[0m [1mget_klines[0m[1m{[0msymbol=RENDERUSDT interval=30m source=update[1m}[0m[2m:[0m [2mBinanceLocalServer::cache_manager[0m[2m:[0m -> [API_FETCH] Fetching new klines for RENDERUSDT/30m since Some(1762772400000).
[2m2025-11-10T12:22:52.441280Z[0m [32m INFO[0m [1mget_klines[0m[1m{[0msymbol=RENDERUSDT interval=30m source=update[1m}[0m[2m:[0m[1mdownload_continuous_klines[0m[1m{[0mtask=DownloadTask { symbol: "RENDERUSDT", interval: "30m", start_time: Some(1762772400000), end_time: None, limit: 1500 }[1m}[0m[2m:[0m [2mBinanceLocalServer::api_client[0m[2m:[0m ðŸŒ [DEBUG_API] å°è¯•ä¸»çº¿è·¯ (Mokex): RENDERUSDT/30m
[2m2025-11-10T12:22:52.441299Z[0m [32m INFO[0m [1mget_klines[0m[1m{[0msymbol=RENDERUSDT interval=30m source=update[1m}[0m[2m:[0m[1mdownload_continuous_klines[0m[1m{[0mtask=DownloadTask { symbol: "RENDERUSDT", interval: "30m", start_time: Some(1762772400000), end_time: None, limit: 1500 }[1m}[0m[2m:[0m [2mBinanceLocalServer::api_client[0m[2m:[0m ðŸ“¡ [DEBUG_API_REQ] å‘é€ HTTP GET: https://www.mokexapp.info/fapi/v1/continuousKlines?pair=RENDERUSDT&contractType=PERPETUAL&interval=30m&limit=1500&startTime=1762772400000
[2m2025-11-10T12:22:52.445685Z[0m [32m INFO[0m [1mget_klines[0m[1m{[0msymbol=RENDERUSDT interval=4h source=update[1m}[0m[2m:[0m [2mBinanceLocalServer::cache_manager[0m[2m:[0m -> [API_FETCH] Fetching new klines for RENDERUSDT/4h since Some(1762761600000).
[2m2025-11-10T12:22:52.445724Z[0m [32m INFO[0m [1mget_klines[0m[1m{[0msymbol=RENDERUSDT interval=4h source=update[1m}[0m[2m:[0m[1mdownload_continuous_klines[0m[1m{[0mtask=DownloadTask { symbol: "RENDERUSDT", interval: "4h", start_time: Some(1762761600000), end_time: None, limit: 1500 }[1m}[0m[2m:[0m [2mBinanceLocalServer::api_client[0m[2m:[0m ðŸŒ [DEBUG_API] å°è¯•ä¸»çº¿è·¯ (Mokex): RENDERUSDT/4h
[2m2025-11-10T12:22:52.445781Z[0m [32m INFO[0m [1mget_klines[0m[1m{[0msymbol=RENDERUSDT interval=4h source=update[1m}[0m[2m:[0m[1mdownload_continuous_klines[0m[1m{[0mtask=DownloadTask { symbol: "RENDERUSDT", interval: "4h", start_time: Some(1762761600000), end_time: None, limit: 1500 }[1m}[0m[2m:[0m [2mBinanceLocalServer::api_client[0m[2m:[0m ðŸ“¡ [DEBUG_API_REQ] å‘é€ HTTP GET: https://www.mokexapp.info/fapi/v1/continuousKlines?pair=RENDERUSDT&contractType=PERPETUAL&interval=4h&limit=1500&startTime=1762761600000
[2m2025-11-10T12:22:52.446477Z[0m [32m INFO[0m [1mget_klines[0m[1m{[0msymbol=RENDERUSDT interval=1d source=update[1m}[0m[2m:[0m [2mBinanceLocalServer::cache_manager[0m[2m:[0m -> [API_FETCH] Fetching new klines for RENDERUSDT/1d since Some(1762732800000).
[2m2025-11-10T12:22:52.446522Z[0m [32m INFO[0m [1mget_klines[0m[1m{[0msymbol=RENDERUSDT interval=1d source=update[1m}[0m[2m:[0m[1mdownload_continuous_klines[0m[1m{[0mtask=DownloadTask { symbol: "RENDERUSDT", interval: "1d", start_time: Some(1762732800000), end_time: None, limit: 1500 }[1m}[0m[2m:[0m [2mBinanceLocalServer::api_client[0m[2m:[0m ðŸŒ [DEBUG_API] å°è¯•ä¸»çº¿è·¯ (Mokex): RENDERUSDT/1d
[2m2025-11-10T12:22:52.446537Z[0m [32m INFO[0m [1mget_klines[0m[1m{[0msymbol=RENDERUSDT interval=1d source=update[1m}[0m[2m:[0m[1mdownload_continuous_klines[0m[1m{[0mtask=DownloadTask { symbol: "RENDERUSDT", interval: "1d", start_time: Some(1762732800000), end_time: None, limit: 1500 }[1m}[0m[2m:[0m [2mBinanceLocalServer::api_client[0m[2m:[0m ðŸ“¡ [DEBUG_API_REQ] å‘é€ HTTP GET: https://www.mokexapp.info/fapi/v1/continuousKlines?pair=RENDERUSDT&contractType=PERPETUAL&interval=1d&limit=1500&startTime=1762732800000
[2m2025-11-10T12:22:52.700120Z[0m [32m INFO[0m [1mget_klines[0m[1m{[0msymbol=RENDERUSDT interval=30m source=update[1m}[0m[2m:[0m[1mdownload_continuous_klines[0m[1m{[0mtask=DownloadTask { symbol: "RENDERUSDT", interval: "30m", start_time: Some(1762772400000), end_time: None, limit: 1500 }[1m}[0m[2m:[0m [2mBinanceLocalServer::api_client[0m[2m:[0m ðŸ“© [DEBUG_API_REQ] æ”¶åˆ° HTTP å“åº”å¤´ (å‡†å¤‡è¯»å– body)
[2m2025-11-10T12:22:52.700168Z[0m [32m INFO[0m [1mget_klines[0m[1m{[0msymbol=RENDERUSDT interval=30m source=update[1m}[0m[2m:[0m[1mdownload_continuous_klines[0m[1m{[0mtask=DownloadTask { symbol: "RENDERUSDT", interval: "30m", start_time: Some(1762772400000), end_time: None, limit: 1500 }[1m}[0m[2m:[0m [2mBinanceLocalServer::api_client[0m[2m:[0m ðŸ“¦ [DEBUG_API_REQ] è¯»å– body å®Œæˆ (443 bytes)
[2m2025-11-10T12:22:52.700198Z[0m [32m INFO[0m [1mget_klines[0m[1m{[0msymbol=RENDERUSDT interval=30m source=update[1m}[0m[2m:[0m[1mdownload_continuous_klines[0m[1m{[0mtask=DownloadTask { symbol: "RENDERUSDT", interval: "30m", start_time: Some(1762772400000), end_time: None, limit: 1500 }[1m}[0m[2m:[0m [2mBinanceLocalServer::api_client[0m[2m:[0m âœ… [DEBUG_API] Mokex æˆåŠŸ (258.91ms). Task: RENDERUSDT/30m
[2m2025-11-10T12:22:52.700216Z[0m [32m INFO[0m [1mget_klines[0m[1m{[0msymbol=RENDERUSDT interval=30m source=update[1m}[0m[2m:[0m [2mBinanceLocalServer::cache_manager[0m[2m:[0m -> [API_FETCH] Fetched 3 new klines for RENDERUSDT/30m.
[2m2025-11-10T12:22:52.700255Z[0m [32m INFO[0m [1mget_klines[0m[1m{[0msymbol=RENDERUSDT interval=30m source=update[1m}[0m[2m:[0m [2mBinanceLocalServer::cache_manager[0m[2m:[0m ðŸš€ [UPDATE] Responding with 1500 merged klines for RENDERUSDT/30m.
[2m2025-11-10T12:22:52.700268Z[0m [32m INFO[0m [2mBinanceLocalServer::web_server[0m[2m:[0m Transforming 1500 k-lines to binary format for: RENDERUSDT/30m
[2m2025-11-10T12:22:52.701058Z[0m [32m INFO[0m [2mBinanceLocalServer::cache_manager[0m[2m:[0m ðŸ’¾ [ASYNC_DB] Spawning task to persist 3 new klines for RENDERUSDT/30m
[2m2025-11-10T12:22:52.701561Z[0m [32m INFO[0m [2mBinanceLocalServer::cache_manager[0m[2m:[0m âœ… [ASYNC_DB] Successfully saved new klines for RENDERUSDT/30m
[2m2025-11-10T12:22:52.703577Z[0m [32m INFO[0m [1mget_klines[0m[1m{[0msymbol=RENDERUSDT interval=5m source=update[1m}[0m[2m:[0m[1mdownload_continuous_klines[0m[1m{[0mtask=DownloadTask { symbol: "RENDERUSDT", interval: "5m", start_time: Some(1762773600000), end_time: None, limit: 1500 }[1m}[0m[2m:[0m [2mBinanceLocalServer::api_client[0m[2m:[0m ðŸ“© [DEBUG_API_REQ] æ”¶åˆ° HTTP å“åº”å¤´ (å‡†å¤‡è¯»å– body)
[2m2025-11-10T12:22:52.703613Z[0m [32m INFO[0m [1mget_klines[0m[1m{[0msymbol=RENDERUSDT interval=5m source=update[1m}[0m[2m:[0m[1mdownload_continuous_klines[0m[1m{[0mtask=DownloadTask { symbol: "RENDERUSDT", interval: "5m", start_time: Some(1762773600000), end_time: None, limit: 1500 }[1m}[0m[2m:[0m [2mBinanceLocalServer::api_client[0m[2m:[0m ðŸ“¦ [DEBUG_API_REQ] è¯»å– body å®Œæˆ (1873 bytes)
[2m2025-11-10T12:22:52.703667Z[0m [32m INFO[0m [1mget_klines[0m[1m{[0msymbol=RENDERUSDT interval=5m source=update[1m}[0m[2m:[0m[1mdownload_continuous_klines[0m[1m{[0mtask=DownloadTask { symbol: "RENDERUSDT", interval: "5m", start_time: Some(1762773600000), end_time: None, limit: 1500 }[1m}[0m[2m:[0m [2mBinanceLocalServer::api_client[0m[2m:[0m âœ… [DEBUG_API] Mokex æˆåŠŸ (265.39ms). Task: RENDERUSDT/5m
[2m2025-11-10T12:22:52.703683Z[0m [32m INFO[0m [1mget_klines[0m[1m{[0msymbol=RENDERUSDT interval=5m source=update[1m}[0m[2m:[0m [2mBinanceLocalServer::cache_manager[0m[2m:[0m -> [API_FETCH] Fetched 13 new klines for RENDERUSDT/5m.
[2m2025-11-10T12:22:52.703748Z[0m [32m INFO[0m [1mget_klines[0m[1m{[0msymbol=RENDERUSDT interval=5m source=update[1m}[0m[2m:[0m [2mBinanceLocalServer::cache_manager[0m[2m:[0m ðŸš€ [UPDATE] Responding with 1500 merged klines for RENDERUSDT/5m.
[2m2025-11-10T12:22:52.703763Z[0m [32m INFO[0m [2mBinanceLocalServer::web_server[0m[2m:[0m Transforming 1500 k-lines to binary format for: RENDERUSDT/5m
[2m2025-11-10T12:22:52.704067Z[0m [32m INFO[0m [1mget_klines[0m[1m{[0msymbol=RENDERUSDT interval=1m source=update[1m}[0m[2m:[0m[1mdownload_continuous_klines[0m[1m{[0mtask=DownloadTask { symbol: "RENDERUSDT", interval: "1m", start_time: Some(1762773720000), end_time: None, limit: 1500 }[1m}[0m[2m:[0m [2mBinanceLocalServer::api_client[0m[2m:[0m ðŸ“© [DEBUG_API_REQ] æ”¶åˆ° HTTP å“åº”å¤´ (å‡†å¤‡è¯»å– body)
[2m2025-11-10T12:22:52.704429Z[0m [32m INFO[0m [1mget_klines[0m[1m{[0msymbol=RENDERUSDT interval=4h source=update[1m}[0m[2m:[0m[1mdownload_continuous_klines[0m[1m{[0mtask=DownloadTask { symbol: "RENDERUSDT", interval: "4h", start_time: Some(1762761600000), end_time: None, limit: 1500 }[1m}[0m[2m:[0m [2mBinanceLocalServer::api_client[0m[2m:[0m ðŸ“© [DEBUG_API_REQ] æ”¶åˆ° HTTP å“åº”å¤´ (å‡†å¤‡è¯»å– body)
[2m2025-11-10T12:22:52.704470Z[0m [32m INFO[0m [1mget_klines[0m[1m{[0msymbol=RENDERUSDT interval=4h source=update[1m}[0m[2m:[0m[1mdownload_continuous_klines[0m[1m{[0mtask=DownloadTask { symbol: "RENDERUSDT", interval: "4h", start_time: Some(1762761600000), end_time: None, limit: 1500 }[1m}[0m[2m:[0m [2mBinanceLocalServer::api_client[0m[2m:[0m ðŸ“¦ [DEBUG_API_REQ] è¯»å– body å®Œæˆ (300 bytes)
[2m2025-11-10T12:22:52.704501Z[0m [32m INFO[0m [1mget_klines[0m[1m{[0msymbol=RENDERUSDT interval=4h source=update[1m}[0m[2m:[0m[1mdownload_continuous_klines[0m[1m{[0mtask=DownloadTask { symbol: "RENDERUSDT", interval: "4h", start_time: Some(1762761600000), end_time: None, limit: 1500 }[1m}[0m[2m:[0m [2mBinanceLocalServer::api_client[0m[2m:[0m âœ… [DEBUG_API] Mokex æˆåŠŸ (258.77ms). Task: RENDERUSDT/4h
[2m2025-11-10T12:22:52.704518Z[0m [32m INFO[0m [1mget_klines[0m[1m{[0msymbol=RENDERUSDT interval=4h source=update[1m}[0m[2m:[0m [2mBinanceLocalServer::cache_manager[0m[2m:[0m -> [API_FETCH] Fetched 2 new klines for RENDERUSDT/4h.
[2m2025-11-10T12:22:52.704569Z[0m [32m INFO[0m [1mget_klines[0m[1m{[0msymbol=RENDERUSDT interval=4h source=update[1m}[0m[2m:[0m [2mBinanceLocalServer::cache_manager[0m[2m:[0m ðŸš€ [UPDATE] Responding with 1500 merged klines for RENDERUSDT/4h.
[2m2025-11-10T12:22:52.704586Z[0m [32m INFO[0m [2mBinanceLocalServer::web_server[0m[2m:[0m Transforming 1500 k-lines to binary format for: RENDERUSDT/4h
[2m2025-11-10T12:22:52.704607Z[0m [32m INFO[0m [2mBinanceLocalServer::cache_manager[0m[2m:[0m ðŸ’¾ [ASYNC_DB] Spawning task to persist 13 new klines for RENDERUSDT/5m
[2m2025-11-10T12:22:52.704687Z[0m [32m INFO[0m [1mget_klines[0m[1m{[0msymbol=RENDERUSDT interval=1m source=update[1m}[0m[2m:[0m[1mdownload_continuous_klines[0m[1m{[0mtask=DownloadTask { symbol: "RENDERUSDT", interval: "1m", start_time: Some(1762773720000), end_time: None, limit: 1500 }[1m}[0m[2m:[0m [2mBinanceLocalServer::api_client[0m[2m:[0m ðŸ“¦ [DEBUG_API_REQ] è¯»å– body å®Œæˆ (8542 bytes)
[2m2025-11-10T12:22:52.704974Z[0m [32m INFO[0m [1mget_klines[0m[1m{[0msymbol=RENDERUSDT interval=1m source=update[1m}[0m[2m:[0m[1mdownload_continuous_klines[0m[1m{[0mtask=DownloadTask { symbol: "RENDERUSDT", interval: "1m", start_time: Some(1762773720000), end_time: None, limit: 1500 }[1m}[0m[2m:[0m [2mBinanceLocalServer::api_client[0m[2m:[0m âœ… [DEBUG_API] Mokex æˆåŠŸ (271.38ms). Task: RENDERUSDT/1m
[2m2025-11-10T12:22:52.705004Z[0m [32m INFO[0m [1mget_klines[0m[1m{[0msymbol=RENDERUSDT interval=1m source=update[1m}[0m[2m:[0m [2mBinanceLocalServer::cache_manager[0m[2m:[0m -> [API_FETCH] Fetched 61 new klines for RENDERUSDT/1m.
[2m2025-11-10T12:22:52.705107Z[0m [32m INFO[0m [2mBinanceLocalServer::cache_manager[0m[2m:[0m âœ… [ASYNC_DB] Successfully saved new klines for RENDERUSDT/5m
[2m2025-11-10T12:22:52.705154Z[0m [32m INFO[0m [1mget_klines[0m[1m{[0msymbol=RENDERUSDT interval=1m source=update[1m}[0m[2m:[0m [2mBinanceLocalServer::cache_manager[0m[2m:[0m ðŸš€ [UPDATE] Responding with 1500 merged klines for RENDERUSDT/1m.
[2m2025-11-10T12:22:52.705179Z[0m [32m INFO[0m [2mBinanceLocalServer::web_server[0m[2m:[0m Transforming 1500 k-lines to binary format for: RENDERUSDT/1m
[2m2025-11-10T12:22:52.705302Z[0m [32m INFO[0m [1mget_klines[0m[1m{[0msymbol=RENDERUSDT interval=1s source=update[1m}[0m[2m:[0m[1mdownload_continuous_klines[0m[1m{[0mtask=DownloadTask { symbol: "RENDERUSDT", interval: "1s", start_time: None, end_time: None, limit: 1500 }[1m}[0m[2m:[0m [2mBinanceLocalServer::api_client[0m[2m:[0m ðŸ“© [DEBUG_API_REQ] æ”¶åˆ° HTTP å“åº”å¤´ (å‡†å¤‡è¯»å– body)
[2m2025-11-10T12:22:52.705667Z[0m [32m INFO[0m [2mBinanceLocalServer::cache_manager[0m[2m:[0m ðŸ’¾ [ASYNC_DB] Spawning task to persist 2 new klines for RENDERUSDT/4h
[2m2025-11-10T12:22:52.705723Z[0m [32m INFO[0m [1mget_klines[0m[1m{[0msymbol=RENDERUSDT interval=1d source=update[1m}[0m[2m:[0m[1mdownload_continuous_klines[0m[1m{[0mtask=DownloadTask { symbol: "RENDERUSDT", interval: "1d", start_time: Some(1762732800000), end_time: None, limit: 1500 }[1m}[0m[2m:[0m [2mBinanceLocalServer::api_client[0m[2m:[0m ðŸ“© [DEBUG_API_REQ] æ”¶åˆ° HTTP å“åº”å¤´ (å‡†å¤‡è¯»å– body)
[2m2025-11-10T12:22:52.705762Z[0m [32m INFO[0m [1mget_klines[0m[1m{[0msymbol=RENDERUSDT interval=1d source=update[1m}[0m[2m:[0m[1mdownload_continuous_klines[0m[1m{[0mtask=DownloadTask { symbol: "RENDERUSDT", interval: "1d", start_time: Some(1762732800000), end_time: None, limit: 1500 }[1m}[0m[2m:[0m [2mBinanceLocalServer::api_client[0m[2m:[0m ðŸ“¦ [DEBUG_API_REQ] è¯»å– body å®Œæˆ (155 bytes)
[2m2025-11-10T12:22:52.705801Z[0m [32m INFO[0m [1mget_klines[0m[1m{[0msymbol=RENDERUSDT interval=1d source=update[1m}[0m[2m:[0m[1mdownload_continuous_klines[0m[1m{[0mtask=DownloadTask { symbol: "RENDERUSDT", interval: "1d", start_time: Some(1762732800000), end_time: None, limit: 1500 }[1m}[0m[2m:[0m [2mBinanceLocalServer::api_client[0m[2m:[0m âœ… [DEBUG_API] Mokex æˆåŠŸ (259.26ms). Task: RENDERUSDT/1d
[2m2025-11-10T12:22:52.705830Z[0m [32m INFO[0m [1mget_klines[0m[1m{[0msymbol=RENDERUSDT interval=1d source=update[1m}[0m[2m:[0m [2mBinanceLocalServer::cache_manager[0m[2m:[0m -> [API_FETCH] Fetched 1 new klines for RENDERUSDT/1d.
[2m2025-11-10T12:22:52.705863Z[0m [32m INFO[0m [1mget_klines[0m[1m{[0msymbol=RENDERUSDT interval=1d source=update[1m}[0m[2m:[0m [2mBinanceLocalServer::cache_manager[0m[2m:[0m ðŸš€ [UPDATE] Responding with 473 merged klines for RENDERUSDT/1d.
[2m2025-11-10T12:22:52.705886Z[0m [32m INFO[0m [2mBinanceLocalServer::web_server[0m[2m:[0m Transforming 473 k-lines to binary format for: RENDERUSDT/1d
[2m2025-11-10T12:22:52.706059Z[0m [32m INFO[0m [2mBinanceLocalServer::cache_manager[0m[2m:[0m âœ… [ASYNC_DB] Successfully saved new klines for RENDERUSDT/4h
[2m2025-11-10T12:22:52.706550Z[0m [32m INFO[0m [2mBinanceLocalServer::cache_manager[0m[2m:[0m ðŸ’¾ [ASYNC_DB] Spawning task to persist 61 new klines for RENDERUSDT/1m
[2m2025-11-10T12:22:52.706556Z[0m [32m INFO[0m [2mBinanceLocalServer::cache_manager[0m[2m:[0m ðŸ’¾ [ASYNC_DB] Spawning task to persist 1 new klines for RENDERUSDT/1d
[2m2025-11-10T12:22:52.707057Z[0m [32m INFO[0m [2mBinanceLocalServer::cache_manager[0m[2m:[0m âœ… [ASYNC_DB] Successfully saved new klines for RENDERUSDT/1d
[2m2025-11-10T12:22:52.707231Z[0m [32m INFO[0m [2mBinanceLocalServer::cache_manager[0m[2m:[0m âœ… [ASYNC_DB] Successfully saved new klines for RENDERUSDT/1m
[2m2025-11-10T12:22:52.709137Z[0m [32m INFO[0m [2mBinanceLocalServer[0m[2m:[0m â¬…ï¸ æ”¶åˆ°è¯·æ±‚: GET /download-binary/RENDERUSDT/1w?source=update&limit=1500
[2m2025-11-10T12:22:52.709198Z[0m [32m INFO[0m [2mBinanceLocalServer::web_server[0m[2m:[0m Received BINARY request for RENDERUSDT/1w with source=update
[2m2025-11-10T12:22:52.709240Z[0m [32m INFO[0m [1mget_klines[0m[1m{[0msymbol=RENDERUSDT interval=1w source=update[1m}[0m[2m:[0m [2mBinanceLocalServer::cache_manager[0m[2m:[0m ðŸ”„ [UPDATE] Starting full data sync for RENDERUSDT/1w.
[2m2025-11-10T12:22:52.709860Z[0m [32m INFO[0m [1mget_klines[0m[1m{[0msymbol=RENDERUSDT interval=1w source=update[1m}[0m[2m:[0m [2mBinanceLocalServer::cache_manager[0m[2m:[0m -> [API_FETCH] Fetching new klines for RENDERUSDT/1w since Some(1762732800000).
[2m2025-11-10T12:22:52.709912Z[0m [32m INFO[0m [1mget_klines[0m[1m{[0msymbol=RENDERUSDT interval=1w source=update[1m}[0m[2m:[0m[1mdownload_continuous_klines[0m[1m{[0mtask=DownloadTask { symbol: "RENDERUSDT", interval: "1w", start_time: Some(1762732800000), end_time: None, limit: 1500 }[1m}[0m[2m:[0m [2mBinanceLocalServer::api_client[0m[2m:[0m ðŸŒ [DEBUG_API] å°è¯•ä¸»çº¿è·¯ (Mokex): RENDERUSDT/1w
[2m2025-11-10T12:22:52.709948Z[0m [32m INFO[0m [1mget_klines[0m[1m{[0msymbol=RENDERUSDT interval=1w source=update[1m}[0m[2m:[0m[1mdownload_continuous_klines[0m[1m{[0mtask=DownloadTask { symbol: "RENDERUSDT", interval: "1w", start_time: Some(1762732800000), end_time: None, limit: 1500 }[1m}[0m[2m:[0m [2mBinanceLocalServer::api_client[0m[2m:[0m ðŸ“¡ [DEBUG_API_REQ] å‘é€ HTTP GET: https://www.mokexapp.info/fapi/v1/continuousKlines?pair=RENDERUSDT&contractType=PERPETUAL&interval=1w&limit=1500&startTime=1762732800000
[2m2025-11-10T12:22:52.802226Z[0m [32m INFO[0m [1mget_klines[0m[1m{[0msymbol=RENDERUSDT interval=1w source=update[1m}[0m[2m:[0m[1mdownload_continuous_klines[0m[1m{[0mtask=DownloadTask { symbol: "RENDERUSDT", interval: "1w", start_time: Some(1762732800000), end_time: None, limit: 1500 }[1m}[0m[2m:[0m [2mBinanceLocalServer::api_client[0m[2m:[0m ðŸ“© [DEBUG_API_REQ] æ”¶åˆ° HTTP å“åº”å¤´ (å‡†å¤‡è¯»å– body)
[2m2025-11-10T12:22:52.802278Z[0m [32m INFO[0m [1mget_klines[0m[1m{[0msymbol=RENDERUSDT interval=1w source=update[1m}[0m[2m:[0m[1mdownload_continuous_klines[0m[1m{[0mtask=DownloadTask { symbol: "RENDERUSDT", interval: "1w", start_time: Some(1762732800000), end_time: None, limit: 1500 }[1m}[0m[2m:[0m [2mBinanceLocalServer::api_client[0m[2m:[0m ðŸ“¦ [DEBUG_API_REQ] è¯»å– body å®Œæˆ (155 bytes)
[2m2025-11-10T12:22:52.802420Z[0m [32m INFO[0m [1mget_klines[0m[1m{[0msymbol=RENDERUSDT interval=1w source=update[1m}[0m[2m:[0m[1mdownload_continuous_klines[0m[1m{[0mtask=DownloadTask { symbol: "RENDERUSDT", interval: "1w", start_time: Some(1762732800000), end_time: None, limit: 1500 }[1m}[0m[2m:[0m [2mBinanceLocalServer::api_client[0m[2m:[0m âœ… [DEBUG_API] Mokex æˆåŠŸ (92.49ms). Task: RENDERUSDT/1w
[2m2025-11-10T12:22:52.802454Z[0m [32m INFO[0m [1mget_klines[0m[1m{[0msymbol=RENDERUSDT interval=1w source=update[1m}[0m[2m:[0m [2mBinanceLocalServer::cache_manager[0m[2m:[0m -> [API_FETCH] Fetched 1 new klines for RENDERUSDT/1w.
[2m2025-11-10T12:22:52.802504Z[0m [32m INFO[0m [1mget_klines[0m[1m{[0msymbol=RENDERUSDT interval=1w source=update[1m}[0m[2m:[0m [2mBinanceLocalServer::cache_manager[0m[2m:[0m ðŸš€ [UPDATE] Responding with 69 merged klines for RENDERUSDT/1w.
[2m2025-11-10T12:22:52.802532Z[0m [32m INFO[0m [2mBinanceLocalServer::web_server[0m[2m:[0m Transforming 69 k-lines to binary format for: RENDERUSDT/1w
[2m2025-11-10T12:22:52.802901Z[0m [32m INFO[0m [2mBinanceLocalServer::cache_manager[0m[2m:[0m ðŸ’¾ [ASYNC_DB] Spawning task to persist 1 new klines for RENDERUSDT/1w
[2m2025-11-10T12:22:52.803256Z[0m [32m INFO[0m [2mBinanceLocalServer::cache_manager[0m[2m:[0m âœ… [ASYNC_DB] Successfully saved new klines for RENDERUSDT/1w
[2m2025-11-10T12:22:52.860108Z[0m [32m INFO[0m [1mget_klines[0m[1m{[0msymbol=RENDERUSDT interval=1s source=update[1m}[0m[2m:[0m[1mdownload_continuous_klines[0m[1m{[0mtask=DownloadTask { symbol: "RENDERUSDT", interval: "1s", start_time: None, end_time: None, limit: 1500 }[1m}[0m[2m:[0m [2mBinanceLocalServer::api_client[0m[2m:[0m ðŸ“¦ [DEBUG_API_REQ] è¯»å– body å®Œæˆ (175723 bytes)
[2m2025-11-10T12:22:52.865682Z[0m [32m INFO[0m [1mget_klines[0m[1m{[0msymbol=RENDERUSDT interval=1s source=update[1m}[0m[2m:[0m[1mdownload_continuous_klines[0m[1m{[0mtask=DownloadTask { symbol: "RENDERUSDT", interval: "1s", start_time: None, end_time: None, limit: 1500 }[1m}[0m[2m:[0m [2mBinanceLocalServer::api_client[0m[2m:[0m âœ… [DEBUG_API] Mokex æˆåŠŸ (445.27ms). Task: RENDERUSDT/1s
[2m2025-11-10T12:22:52.865759Z[0m [32m INFO[0m [1mget_klines[0m[1m{[0msymbol=RENDERUSDT interval=1s source=update[1m}[0m[2m:[0m [2mBinanceLocalServer::cache_manager[0m[2m:[0m -> [API_FETCH] Fetched 1500 new klines for RENDERUSDT/1s.
[2m2025-11-10T12:22:52.866978Z[0m [32m INFO[0m [1mget_klines[0m[1m{[0msymbol=RENDERUSDT interval=1s source=update[1m}[0m[2m:[0m [2mBinanceLocalServer::cache_manager[0m[2m:[0m ðŸš€ [UPDATE] Responding with 1500 merged klines for RENDERUSDT/1s.
[2m2025-11-10T12:22:52.867035Z[0m [32m INFO[0m [2mBinanceLocalServer::web_server[0m[2m:[0m Transforming 1500 k-lines to binary format for: RENDERUSDT/1s
[2m2025-11-10T12:22:52.868503Z[0m [32m INFO[0m [2mBinanceLocalServer::cache_manager[0m[2m:[0m ðŸ’¾ [ASYNC_DB] Spawning task to persist 1500 new klines for RENDERUSDT/1s
[2m2025-11-10T12:22:52.874449Z[0m [32m INFO[0m [2mBinanceLocalServer::cache_manager[0m[2m:[0m âœ… [ASYNC_DB] Successfully saved new klines for RENDERUSDT/1s
